[1:10:18.525] Global cache location '/Users/jacobdeepak/Library/Caches/typescript/3.7', safe file path '/users/jacobdeepak/development/exd/node_modules/typescript/lib/typingsafelist.json', types map path /users/jacobdeepak/development/exd/node_modules/typescript/lib/typesmap.json
[1:10:18.527] Processing cache location '/Users/jacobdeepak/Library/Caches/typescript/3.7'
[1:10:18.527] Trying to find '/Users/jacobdeepak/Library/Caches/typescript/3.7/package.json'...
[1:10:18.528] Loaded content of '/Users/jacobdeepak/Library/Caches/typescript/3.7/package.json': {"private":true,"dependencies":{"types-registry":"^0.1.478"},"devDependencies":{"@types/async":"^3.0.7","@types/atob":"^2.1.2","@types/aws-serverless-express":"^3.3.2","@types/basic-auth":"^1.1.2","@types/body-parser":"^1.17.1","@types/cookie":"^0.3.3","@types/cookie-signature":"^1.0.3","@types/cors":"^2.8.6","@types/debug":"^4.1.5","@types/depd":"^1.1.32","@types/ee-first":"^1.1.0","@types/express":"^4.17.2","@types/express-session":"^1.15.16","@types/extend":"^3.0.1","@types/hbs":"^4.0.1","@types/jasmine":"^3.5.3","@types/morgan":"^1.7.37","@types/nodemon":"^1.19.0","@types/object-assign":"^4.0.30","@types/object-hash":"^1.3.1","@types/object-path":"^0.11.0","@types/on-finished":"^2.3.1","@types/on-headers":"^1.0.0","@types/parseurl":"^1.3.1","@types/passport":"^1.0.2","@types/passport-saml":"^1.1.1","@types/passport-strategy":"^0.2.35","@types/pause":"^0.1.0","@types/q":"^1.5.2","@types/random-bytes":"^1.0.0","@types/react":"^16.9.19","@types/react-dom":"^16.9.5","@types/react-redux":"^7.1.7","@types/react-router-dom":"^5.1.3","@types/require-directory":"^2.1.1","@types/saml":"^0.13.0","@types/samlp":"^1.0.7","@types/sprintf":"^0.1.0","@types/testing-library__jest-dom":"^5.0.1","@types/testing-library__react":"^9.1.2","@types/testing-library__user-event":"^4.1.1","@types/uid-safe":"^2.1.2","@types/vary":"^1.1.0","@types/walk":"^2.3.0","@types/xml-crypto":"^1.4.1","@types/xml-formatter":"^1.1.0","@types/xml2js":"^0.4.5","@types/xmldom":"^0.1.29","@types/xtend":"^4.0.2","@types/y18n":"^4.0.0","@types/yargs":"^13.0.4","@types/yargs-parser":"^13.1.0"}}
[1:10:18.528] Loaded content of '/Users/jacobdeepak/Library/Caches/typescript/3.7/package-lock.json'
[1:10:18.540] Adding entry into typings cache: 'async' => '/Users/jacobdeepak/Library/Caches/typescript/3.7/node_modules/@types/async/index.d.ts'
[1:10:18.542] Adding entry into typings cache: 'atob' => '/Users/jacobdeepak/Library/Caches/typescript/3.7/node_modules/@types/atob/index.d.ts'
[1:10:18.544] Adding entry into typings cache: 'aws-serverless-express' => '/Users/jacobdeepak/Library/Caches/typescript/3.7/node_modules/@types/aws-serverless-express/index.d.ts'
[1:10:18.546] Adding entry into typings cache: 'basic-auth' => '/Users/jacobdeepak/Library/Caches/typescript/3.7/node_modules/@types/basic-auth/index.d.ts'
[1:10:18.548] Adding entry into typings cache: 'body-parser' => '/Users/jacobdeepak/Library/Caches/typescript/3.7/node_modules/@types/body-parser/index.d.ts'
[1:10:18.550] Adding entry into typings cache: 'cookie' => '/Users/jacobdeepak/Library/Caches/typescript/3.7/node_modules/@types/cookie/index.d.ts'
[1:10:18.552] Adding entry into typings cache: 'cookie-signature' => '/Users/jacobdeepak/Library/Caches/typescript/3.7/node_modules/@types/cookie-signature/index.d.ts'
[1:10:18.557] Adding entry into typings cache: 'cors' => '/Users/jacobdeepak/Library/Caches/typescript/3.7/node_modules/@types/cors/index.d.ts'
[1:10:18.559] Adding entry into typings cache: 'debug' => '/Users/jacobdeepak/Library/Caches/typescript/3.7/node_modules/@types/debug/index.d.ts'
[1:10:18.561] Adding entry into typings cache: 'depd' => '/Users/jacobdeepak/Library/Caches/typescript/3.7/node_modules/@types/depd/index.d.ts'
[1:10:18.563] Adding entry into typings cache: 'ee-first' => '/Users/jacobdeepak/Library/Caches/typescript/3.7/node_modules/@types/ee-first/index.d.ts'
[1:10:18.566] Adding entry into typings cache: 'express' => '/Users/jacobdeepak/Library/Caches/typescript/3.7/node_modules/@types/express/index.d.ts'
[1:10:18.568] Adding entry into typings cache: 'express-session' => '/Users/jacobdeepak/Library/Caches/typescript/3.7/node_modules/@types/express-session/index.d.ts'
[1:10:18.571] Adding entry into typings cache: 'extend' => '/Users/jacobdeepak/Library/Caches/typescript/3.7/node_modules/@types/extend/index.d.ts'
[1:10:18.573] Adding entry into typings cache: 'hbs' => '/Users/jacobdeepak/Library/Caches/typescript/3.7/node_modules/@types/hbs/index.d.ts'
[1:10:18.578] Adding entry into typings cache: 'jasmine' => '/Users/jacobdeepak/Library/Caches/typescript/3.7/node_modules/@types/jasmine/ts3.1/index.d.ts'
[1:10:18.580] Adding entry into typings cache: 'morgan' => '/Users/jacobdeepak/Library/Caches/typescript/3.7/node_modules/@types/morgan/index.d.ts'
[1:10:18.582] Adding entry into typings cache: 'nodemon' => '/Users/jacobdeepak/Library/Caches/typescript/3.7/node_modules/@types/nodemon/index.d.ts'
[1:10:18.584] Adding entry into typings cache: 'object-assign' => '/Users/jacobdeepak/Library/Caches/typescript/3.7/node_modules/@types/object-assign/index.d.ts'
[1:10:18.585] Adding entry into typings cache: 'object-hash' => '/Users/jacobdeepak/Library/Caches/typescript/3.7/node_modules/@types/object-hash/index.d.ts'
[1:10:18.587] Adding entry into typings cache: 'object-path' => '/Users/jacobdeepak/Library/Caches/typescript/3.7/node_modules/@types/object-path/index.d.ts'
[1:10:18.589] Adding entry into typings cache: 'on-finished' => '/Users/jacobdeepak/Library/Caches/typescript/3.7/node_modules/@types/on-finished/index.d.ts'
[1:10:18.592] Adding entry into typings cache: 'on-headers' => '/Users/jacobdeepak/Library/Caches/typescript/3.7/node_modules/@types/on-headers/index.d.ts'
[1:10:18.594] Adding entry into typings cache: 'parseurl' => '/Users/jacobdeepak/Library/Caches/typescript/3.7/node_modules/@types/parseurl/index.d.ts'
[1:10:18.596] Adding entry into typings cache: 'passport' => '/Users/jacobdeepak/Library/Caches/typescript/3.7/node_modules/@types/passport/index.d.ts'
[1:10:18.597] Adding entry into typings cache: 'passport-saml' => '/Users/jacobdeepak/Library/Caches/typescript/3.7/node_modules/@types/passport-saml/index.d.ts'
[1:10:18.599] Adding entry into typings cache: 'passport-strategy' => '/Users/jacobdeepak/Library/Caches/typescript/3.7/node_modules/@types/passport-strategy/index.d.ts'
[1:10:18.600] Adding entry into typings cache: 'pause' => '/Users/jacobdeepak/Library/Caches/typescript/3.7/node_modules/@types/pause/index.d.ts'
[1:10:18.602] Adding entry into typings cache: 'q' => '/Users/jacobdeepak/Library/Caches/typescript/3.7/node_modules/@types/q/index.d.ts'
[1:10:18.604] Adding entry into typings cache: 'random-bytes' => '/Users/jacobdeepak/Library/Caches/typescript/3.7/node_modules/@types/random-bytes/index.d.ts'
[1:10:18.606] Adding entry into typings cache: 'react' => '/Users/jacobdeepak/Library/Caches/typescript/3.7/node_modules/@types/react/index.d.ts'
[1:10:18.608] Adding entry into typings cache: 'react-dom' => '/Users/jacobdeepak/Library/Caches/typescript/3.7/node_modules/@types/react-dom/index.d.ts'
[1:10:18.610] Adding entry into typings cache: 'react-redux' => '/Users/jacobdeepak/Library/Caches/typescript/3.7/node_modules/@types/react-redux/index.d.ts'
[1:10:18.611] Adding entry into typings cache: 'react-router-dom' => '/Users/jacobdeepak/Library/Caches/typescript/3.7/node_modules/@types/react-router-dom/index.d.ts'
[1:10:18.613] Adding entry into typings cache: 'require-directory' => '/Users/jacobdeepak/Library/Caches/typescript/3.7/node_modules/@types/require-directory/index.d.ts'
[1:10:18.615] Adding entry into typings cache: 'saml' => '/Users/jacobdeepak/Library/Caches/typescript/3.7/node_modules/@types/saml/index.d.ts'
[1:10:18.617] Adding entry into typings cache: 'samlp' => '/Users/jacobdeepak/Library/Caches/typescript/3.7/node_modules/@types/samlp/index.d.ts'
[1:10:18.619] Adding entry into typings cache: 'sprintf' => '/Users/jacobdeepak/Library/Caches/typescript/3.7/node_modules/@types/sprintf/index.d.ts'
[1:10:18.621] Adding entry into typings cache: 'testing-library__jest-dom' => '/Users/jacobdeepak/Library/Caches/typescript/3.7/node_modules/@types/testing-library__jest-dom/index.d.ts'
[1:10:18.625] Adding entry into typings cache: 'testing-library__react' => '/Users/jacobdeepak/Library/Caches/typescript/3.7/node_modules/@types/testing-library__react/index.d.ts'
[1:10:18.627] Adding entry into typings cache: 'testing-library__user-event' => '/Users/jacobdeepak/Library/Caches/typescript/3.7/node_modules/@types/testing-library__user-event/index.d.ts'
[1:10:18.629] Adding entry into typings cache: 'uid-safe' => '/Users/jacobdeepak/Library/Caches/typescript/3.7/node_modules/@types/uid-safe/index.d.ts'
[1:10:18.631] Adding entry into typings cache: 'vary' => '/Users/jacobdeepak/Library/Caches/typescript/3.7/node_modules/@types/vary/index.d.ts'
[1:10:18.634] Adding entry into typings cache: 'walk' => '/Users/jacobdeepak/Library/Caches/typescript/3.7/node_modules/@types/walk/index.d.ts'
[1:10:18.635] Adding entry into typings cache: 'xml-crypto' => '/Users/jacobdeepak/Library/Caches/typescript/3.7/node_modules/@types/xml-crypto/index.d.ts'
[1:10:18.636] Adding entry into typings cache: 'xml-formatter' => '/Users/jacobdeepak/Library/Caches/typescript/3.7/node_modules/@types/xml-formatter/index.d.ts'
[1:10:18.638] Adding entry into typings cache: 'xml2js' => '/Users/jacobdeepak/Library/Caches/typescript/3.7/node_modules/@types/xml2js/index.d.ts'
[1:10:18.639] Adding entry into typings cache: 'xmldom' => '/Users/jacobdeepak/Library/Caches/typescript/3.7/node_modules/@types/xmldom/index.d.ts'
[1:10:18.640] Adding entry into typings cache: 'xtend' => '/Users/jacobdeepak/Library/Caches/typescript/3.7/node_modules/@types/xtend/index.d.ts'
[1:10:18.642] Adding entry into typings cache: 'y18n' => '/Users/jacobdeepak/Library/Caches/typescript/3.7/node_modules/@types/y18n/index.d.ts'
[1:10:18.644] Adding entry into typings cache: 'yargs' => '/Users/jacobdeepak/Library/Caches/typescript/3.7/node_modules/@types/yargs/index.d.ts'
[1:10:18.645] Adding entry into typings cache: 'yargs-parser' => '/Users/jacobdeepak/Library/Caches/typescript/3.7/node_modules/@types/yargs-parser/index.d.ts'
[1:10:18.645] Finished processing cache location '/Users/jacobdeepak/Library/Caches/typescript/3.7'
[1:10:18.646] Process id: 41662
[1:10:18.646] NPM location: /usr/local/lib/node_modules/node/bin/npm (explicit '--npmLocation' not  provided)
[1:10:18.646] validateDefaultNpmLocation: false
[1:10:18.646] Npm config file: /Users/jacobdeepak/Library/Caches/typescript/3.7/package.json
[1:10:18.646] Updating types-registry npm package...
[1:10:18.646] Exec: /usr/local/lib/node_modules/node/bin/npm install --ignore-scripts types-registry@latest
[1:10:18.654]     Failed. stdout:
    
    stderr:
    /bin/sh: /usr/local/lib/node_modules/node/bin/npm: No such file or directory
    
[1:10:18.655] Updated types-registry npm package
