[11:59:26.436] Global cache location '/Users/jacobdeepak/Library/Caches/typescript/3.7', safe file path '/users/jacobdeepak/development/exd/node_modules/typescript/lib/typingsafelist.json', types map path /users/jacobdeepak/development/exd/node_modules/typescript/lib/typesmap.json
[11:59:26.438] Processing cache location '/Users/jacobdeepak/Library/Caches/typescript/3.7'
[11:59:26.438] Trying to find '/Users/jacobdeepak/Library/Caches/typescript/3.7/package.json'...
[11:59:26.440] Loaded content of '/Users/jacobdeepak/Library/Caches/typescript/3.7/package.json': {"private":true,"dependencies":{"types-registry":"^0.1.478"},"devDependencies":{"@types/async":"^3.0.7","@types/atob":"^2.1.2","@types/aws-serverless-express":"^3.3.2","@types/basic-auth":"^1.1.2","@types/body-parser":"^1.17.1","@types/cookie":"^0.3.3","@types/cookie-signature":"^1.0.3","@types/cors":"^2.8.6","@types/debug":"^4.1.5","@types/depd":"^1.1.32","@types/ee-first":"^1.1.0","@types/express":"^4.17.2","@types/express-session":"^1.15.16","@types/extend":"^3.0.1","@types/hbs":"^4.0.1","@types/jasmine":"^3.5.3","@types/morgan":"^1.7.37","@types/nodemon":"^1.19.0","@types/object-assign":"^4.0.30","@types/object-hash":"^1.3.1","@types/object-path":"^0.11.0","@types/on-finished":"^2.3.1","@types/on-headers":"^1.0.0","@types/parseurl":"^1.3.1","@types/passport":"^1.0.2","@types/passport-saml":"^1.1.1","@types/passport-strategy":"^0.2.35","@types/pause":"^0.1.0","@types/q":"^1.5.2","@types/random-bytes":"^1.0.0","@types/react":"^16.9.19","@types/react-dom":"^16.9.5","@types/react-redux":"^7.1.7","@types/react-router-dom":"^5.1.3","@types/require-directory":"^2.1.1","@types/saml":"^0.13.0","@types/samlp":"^1.0.7","@types/sprintf":"^0.1.0","@types/testing-library__jest-dom":"^5.0.1","@types/testing-library__react":"^9.1.2","@types/testing-library__user-event":"^4.1.1","@types/uid-safe":"^2.1.2","@types/vary":"^1.1.0","@types/walk":"^2.3.0","@types/xml-crypto":"^1.4.1","@types/xml-formatter":"^1.1.0","@types/xml2js":"^0.4.5","@types/xmldom":"^0.1.29","@types/xtend":"^4.0.2","@types/y18n":"^4.0.0","@types/yargs":"^13.0.4","@types/yargs-parser":"^13.1.0"}}
[11:59:26.440] Loaded content of '/Users/jacobdeepak/Library/Caches/typescript/3.7/package-lock.json'
[11:59:26.453] Adding entry into typings cache: 'async' => '/Users/jacobdeepak/Library/Caches/typescript/3.7/node_modules/@types/async/index.d.ts'
[11:59:26.458] Adding entry into typings cache: 'atob' => '/Users/jacobdeepak/Library/Caches/typescript/3.7/node_modules/@types/atob/index.d.ts'
[11:59:26.461] Adding entry into typings cache: 'aws-serverless-express' => '/Users/jacobdeepak/Library/Caches/typescript/3.7/node_modules/@types/aws-serverless-express/index.d.ts'
[11:59:26.463] Adding entry into typings cache: 'basic-auth' => '/Users/jacobdeepak/Library/Caches/typescript/3.7/node_modules/@types/basic-auth/index.d.ts'
[11:59:26.467] Adding entry into typings cache: 'body-parser' => '/Users/jacobdeepak/Library/Caches/typescript/3.7/node_modules/@types/body-parser/index.d.ts'
[11:59:26.470] Adding entry into typings cache: 'cookie' => '/Users/jacobdeepak/Library/Caches/typescript/3.7/node_modules/@types/cookie/index.d.ts'
[11:59:26.472] Adding entry into typings cache: 'cookie-signature' => '/Users/jacobdeepak/Library/Caches/typescript/3.7/node_modules/@types/cookie-signature/index.d.ts'
[11:59:26.476] Adding entry into typings cache: 'cors' => '/Users/jacobdeepak/Library/Caches/typescript/3.7/node_modules/@types/cors/index.d.ts'
[11:59:26.478] Adding entry into typings cache: 'debug' => '/Users/jacobdeepak/Library/Caches/typescript/3.7/node_modules/@types/debug/index.d.ts'
[11:59:26.480] Adding entry into typings cache: 'depd' => '/Users/jacobdeepak/Library/Caches/typescript/3.7/node_modules/@types/depd/index.d.ts'
[11:59:26.483] Adding entry into typings cache: 'ee-first' => '/Users/jacobdeepak/Library/Caches/typescript/3.7/node_modules/@types/ee-first/index.d.ts'
[11:59:26.485] Adding entry into typings cache: 'express' => '/Users/jacobdeepak/Library/Caches/typescript/3.7/node_modules/@types/express/index.d.ts'
[11:59:26.489] Adding entry into typings cache: 'express-session' => '/Users/jacobdeepak/Library/Caches/typescript/3.7/node_modules/@types/express-session/index.d.ts'
[11:59:26.492] Adding entry into typings cache: 'extend' => '/Users/jacobdeepak/Library/Caches/typescript/3.7/node_modules/@types/extend/index.d.ts'
[11:59:26.494] Adding entry into typings cache: 'hbs' => '/Users/jacobdeepak/Library/Caches/typescript/3.7/node_modules/@types/hbs/index.d.ts'
[11:59:26.499] Adding entry into typings cache: 'jasmine' => '/Users/jacobdeepak/Library/Caches/typescript/3.7/node_modules/@types/jasmine/ts3.1/index.d.ts'
[11:59:26.501] Adding entry into typings cache: 'morgan' => '/Users/jacobdeepak/Library/Caches/typescript/3.7/node_modules/@types/morgan/index.d.ts'
[11:59:26.503] Adding entry into typings cache: 'nodemon' => '/Users/jacobdeepak/Library/Caches/typescript/3.7/node_modules/@types/nodemon/index.d.ts'
[11:59:26.505] Adding entry into typings cache: 'object-assign' => '/Users/jacobdeepak/Library/Caches/typescript/3.7/node_modules/@types/object-assign/index.d.ts'
[11:59:26.507] Adding entry into typings cache: 'object-hash' => '/Users/jacobdeepak/Library/Caches/typescript/3.7/node_modules/@types/object-hash/index.d.ts'
[11:59:26.509] Adding entry into typings cache: 'object-path' => '/Users/jacobdeepak/Library/Caches/typescript/3.7/node_modules/@types/object-path/index.d.ts'
[11:59:26.511] Adding entry into typings cache: 'on-finished' => '/Users/jacobdeepak/Library/Caches/typescript/3.7/node_modules/@types/on-finished/index.d.ts'
[11:59:26.513] Adding entry into typings cache: 'on-headers' => '/Users/jacobdeepak/Library/Caches/typescript/3.7/node_modules/@types/on-headers/index.d.ts'
[11:59:26.515] Adding entry into typings cache: 'parseurl' => '/Users/jacobdeepak/Library/Caches/typescript/3.7/node_modules/@types/parseurl/index.d.ts'
[11:59:26.517] Adding entry into typings cache: 'passport' => '/Users/jacobdeepak/Library/Caches/typescript/3.7/node_modules/@types/passport/index.d.ts'
[11:59:26.519] Adding entry into typings cache: 'passport-saml' => '/Users/jacobdeepak/Library/Caches/typescript/3.7/node_modules/@types/passport-saml/index.d.ts'
[11:59:26.521] Adding entry into typings cache: 'passport-strategy' => '/Users/jacobdeepak/Library/Caches/typescript/3.7/node_modules/@types/passport-strategy/index.d.ts'
[11:59:26.523] Adding entry into typings cache: 'pause' => '/Users/jacobdeepak/Library/Caches/typescript/3.7/node_modules/@types/pause/index.d.ts'
[11:59:26.525] Adding entry into typings cache: 'q' => '/Users/jacobdeepak/Library/Caches/typescript/3.7/node_modules/@types/q/index.d.ts'
[11:59:26.527] Adding entry into typings cache: 'random-bytes' => '/Users/jacobdeepak/Library/Caches/typescript/3.7/node_modules/@types/random-bytes/index.d.ts'
[11:59:26.530] Adding entry into typings cache: 'react' => '/Users/jacobdeepak/Library/Caches/typescript/3.7/node_modules/@types/react/index.d.ts'
[11:59:26.532] Adding entry into typings cache: 'react-dom' => '/Users/jacobdeepak/Library/Caches/typescript/3.7/node_modules/@types/react-dom/index.d.ts'
[11:59:26.534] Adding entry into typings cache: 'react-redux' => '/Users/jacobdeepak/Library/Caches/typescript/3.7/node_modules/@types/react-redux/index.d.ts'
[11:59:26.536] Adding entry into typings cache: 'react-router-dom' => '/Users/jacobdeepak/Library/Caches/typescript/3.7/node_modules/@types/react-router-dom/index.d.ts'
[11:59:26.539] Adding entry into typings cache: 'require-directory' => '/Users/jacobdeepak/Library/Caches/typescript/3.7/node_modules/@types/require-directory/index.d.ts'
[11:59:26.541] Adding entry into typings cache: 'saml' => '/Users/jacobdeepak/Library/Caches/typescript/3.7/node_modules/@types/saml/index.d.ts'
[11:59:26.543] Adding entry into typings cache: 'samlp' => '/Users/jacobdeepak/Library/Caches/typescript/3.7/node_modules/@types/samlp/index.d.ts'
[11:59:26.545] Adding entry into typings cache: 'sprintf' => '/Users/jacobdeepak/Library/Caches/typescript/3.7/node_modules/@types/sprintf/index.d.ts'
[11:59:26.548] Adding entry into typings cache: 'testing-library__jest-dom' => '/Users/jacobdeepak/Library/Caches/typescript/3.7/node_modules/@types/testing-library__jest-dom/index.d.ts'
[11:59:26.551] Adding entry into typings cache: 'testing-library__react' => '/Users/jacobdeepak/Library/Caches/typescript/3.7/node_modules/@types/testing-library__react/index.d.ts'
[11:59:26.555] Adding entry into typings cache: 'testing-library__user-event' => '/Users/jacobdeepak/Library/Caches/typescript/3.7/node_modules/@types/testing-library__user-event/index.d.ts'
[11:59:26.556] Adding entry into typings cache: 'uid-safe' => '/Users/jacobdeepak/Library/Caches/typescript/3.7/node_modules/@types/uid-safe/index.d.ts'
[11:59:26.558] Adding entry into typings cache: 'vary' => '/Users/jacobdeepak/Library/Caches/typescript/3.7/node_modules/@types/vary/index.d.ts'
[11:59:26.559] Adding entry into typings cache: 'walk' => '/Users/jacobdeepak/Library/Caches/typescript/3.7/node_modules/@types/walk/index.d.ts'
[11:59:26.561] Adding entry into typings cache: 'xml-crypto' => '/Users/jacobdeepak/Library/Caches/typescript/3.7/node_modules/@types/xml-crypto/index.d.ts'
[11:59:26.563] Adding entry into typings cache: 'xml-formatter' => '/Users/jacobdeepak/Library/Caches/typescript/3.7/node_modules/@types/xml-formatter/index.d.ts'
[11:59:26.564] Adding entry into typings cache: 'xml2js' => '/Users/jacobdeepak/Library/Caches/typescript/3.7/node_modules/@types/xml2js/index.d.ts'
[11:59:26.566] Adding entry into typings cache: 'xmldom' => '/Users/jacobdeepak/Library/Caches/typescript/3.7/node_modules/@types/xmldom/index.d.ts'
[11:59:26.567] Adding entry into typings cache: 'xtend' => '/Users/jacobdeepak/Library/Caches/typescript/3.7/node_modules/@types/xtend/index.d.ts'
[11:59:26.569] Adding entry into typings cache: 'y18n' => '/Users/jacobdeepak/Library/Caches/typescript/3.7/node_modules/@types/y18n/index.d.ts'
[11:59:26.571] Adding entry into typings cache: 'yargs' => '/Users/jacobdeepak/Library/Caches/typescript/3.7/node_modules/@types/yargs/index.d.ts'
[11:59:26.572] Adding entry into typings cache: 'yargs-parser' => '/Users/jacobdeepak/Library/Caches/typescript/3.7/node_modules/@types/yargs-parser/index.d.ts'
[11:59:26.572] Finished processing cache location '/Users/jacobdeepak/Library/Caches/typescript/3.7'
[11:59:26.573] Process id: 47051
[11:59:26.573] NPM location: /usr/local/Cellar/node/13.11.0/bin/npm (explicit '--npmLocation' not  provided)
[11:59:26.573] validateDefaultNpmLocation: false
[11:59:26.574] Npm config file: /Users/jacobdeepak/Library/Caches/typescript/3.7/package.json
[11:59:26.574] Updating types-registry npm package...
[11:59:26.574] Exec: /usr/local/Cellar/node/13.11.0/bin/npm install --ignore-scripts types-registry@latest
[11:59:26.583]     Failed. stdout:
    
    stderr:
    /bin/sh: /usr/local/Cellar/node/13.11.0/bin/npm: No such file or directory
    
[11:59:26.584] Updated types-registry npm package
