[11:34:22.249] Global cache location '/Users/jacobdeepak/Library/Caches/typescript/4.6', safe file path '/opt/homebrew/lib/node_modules/typescript/lib/typingsafelist.json', types map path /opt/homebrew/lib/node_modules/typescript/lib/typesmap.json
[11:34:22.250] Processing cache location '/Users/jacobdeepak/Library/Caches/typescript/4.6'
[11:34:22.250] Trying to find '/Users/jacobdeepak/Library/Caches/typescript/4.6/package.json'...
[11:34:22.252] Loaded content of '/Users/jacobdeepak/Library/Caches/typescript/4.6/package.json': {"private":true,"dependencies":{"types-registry":"^0.1.586"},"devDependencies":{"@types/babel__core":"^7.1.19","@types/eslint":"^8.4.1","@types/eslint-config-prettier":"^6.11.0","@types/eslint-plugin-prettier":"^3.1.0","@types/node":"^17.0.23","@types/prettier":"^2.4.4","@types/react":"^17.0.43","@types/react-dom":"^17.0.14","@types/ws":"^8.5.3"}}
[11:34:22.252] Loaded content of '/Users/jacobdeepak/Library/Caches/typescript/4.6/package-lock.json'
[11:34:22.258] Adding entry into typings cache: 'babel__core' => '/Users/jacobdeepak/Library/Caches/typescript/4.6/node_modules/@types/babel__core/index.d.ts'
[11:34:22.259] Adding entry into typings cache: 'eslint' => '/Users/jacobdeepak/Library/Caches/typescript/4.6/node_modules/@types/eslint/index.d.ts'
[11:34:22.260] Adding entry into typings cache: 'eslint-config-prettier' => '/Users/jacobdeepak/Library/Caches/typescript/4.6/node_modules/@types/eslint-config-prettier/index.d.ts'
[11:34:22.260] Adding entry into typings cache: 'eslint-plugin-prettier' => '/Users/jacobdeepak/Library/Caches/typescript/4.6/node_modules/@types/eslint-plugin-prettier/index.d.ts'
[11:34:22.262] Adding entry into typings cache: 'node' => '/Users/jacobdeepak/Library/Caches/typescript/4.6/node_modules/@types/node/index.d.ts'
[11:34:22.263] Adding entry into typings cache: 'prettier' => '/Users/jacobdeepak/Library/Caches/typescript/4.6/node_modules/@types/prettier/index.d.ts'
[11:34:22.264] Adding entry into typings cache: 'react' => '/Users/jacobdeepak/Library/Caches/typescript/4.6/node_modules/@types/react/index.d.ts'
[11:34:22.265] Adding entry into typings cache: 'react-dom' => '/Users/jacobdeepak/Library/Caches/typescript/4.6/node_modules/@types/react-dom/index.d.ts'
[11:34:22.266] Adding entry into typings cache: 'ws' => '/Users/jacobdeepak/Library/Caches/typescript/4.6/node_modules/@types/ws/index.d.ts'
[11:34:22.266] Finished processing cache location '/Users/jacobdeepak/Library/Caches/typescript/4.6'
[11:34:22.266] Process id: 57056
[11:34:22.266] NPM location: /opt/homebrew/Cellar/node/17.8.0/bin/npm (explicit '--npmLocation' not  provided)
[11:34:22.266] validateDefaultNpmLocation: false
[11:34:22.266] Npm config file: /Users/jacobdeepak/Library/Caches/typescript/4.6/package.json
[11:34:22.266] Updating types-registry npm package...
[11:34:22.266] Exec: /opt/homebrew/Cellar/node/17.8.0/bin/npm install --ignore-scripts types-registry@latest
[11:34:22.270]     Failed. stdout:
    stderr:
    /bin/sh: /opt/homebrew/Cellar/node/17.8.0/bin/npm: No such file or directory
    
[11:34:22.270] Updated types-registry npm package
